1
 **  ERZSOL3 **

 SYNTHETIC SEISMOGRAMS FROM A GENERAL POINT SOURCE
 AT DEPTH IN A MULTILAYERED ELASTIC MEDIUM 
 WITH ALLOWANCE FOR ATTENUATION AND CHOICE OF 
 INTERNAL MULTIPLES
 RUN :ERZSOL3-ew1                   


 LAYER STRUCTURE
    NR     ALPHA     BETA       RHO      THICK    QAI       QBI
    NR     KM/S      KM/S      MG/M3      KM  

    3     5.000     2.600     2.700     0.000   0.00100   0.00200
    3     5.000     2.600     2.700     1.000   0.00100   0.00200
    3     5.000     2.600     2.700     6.000   0.00100   0.00200
    3     5.500     2.700     2.750     5.000   0.00100   0.00200
    3     6.000     2.800     2.800     5.000   0.00100   0.00200

 SWITCHES
      5     0     0     0     0
      0     0     0     0     2
      0     0     0     0     0

    NT:      4096     NTI:        12    DELT:   0.00500
 SOURCE PARAMETERS:
    JS:         3     HSS:     3.000
 BELOW SOURCE : RDSL
   NSA:         2     HBS:     4.000
 ABOVE SOURCE : RUFS
   JSA:         2     HAS:     2.000



           MOMENT TENSOR:
                    1.0000         0.5000         0.0000
                    0.5000         0.0000         0.0000
                    0.0000         0.0000        -1.0000

 FREQUENCY WINDOW     0.125     0.250     8.000    16.000  HZ
  DELF:    0.0488
 PHASE VELOCITY WINDOW
   NRP:         1     CMX: 999.99902     CMN:**********

 INTEGRATION PARAMETERS
    PMN:   0.00010     PMX:   0.00000


 PR:      0.00   STMIN:      0.00

 WAVEFORM:


 STATIONS:
 RANGE      AZIMUTH
      2.000    45.000
      4.000    45.000
      6.000    45.000
      8.000    45.000
     10.000    45.000
     12.000    45.000
     14.000    45.000
     16.000    45.000
     18.000    45.000
     20.000    45.000

          ** RESPON**

           FREQUENCY COUNTERS
              NLO:         3     NUP:       328      NW :       326


           DIMENSIONS OF TRANSFORM ARRAY 
              NW :       326
              NRP :         1




 ** TRANSFORMS CALCULATED **

 2. 45.  Z   0.005 4096 0. 0. 2.304292E-14
 2. 45.  R   0.005 4096 0. 0. 6.311476E-20
 2. 45.  T   0.005 4096 0. 0. 1.4544586E-26
 4. 45.  Z   0.005 4096 0. 0. 2.3041798E-14
 4. 45.  R   0.005 4096 0. 0. 1.2622375E-19
 4. 45.  T   0.005 4096 0. 0. 1.1050092E-25
 6. 45.  Z   0.005 4096 0. 0. 2.3040526E-14
 6. 45.  R   0.005 4096 0. 0. 1.8932613E-19
 6. 45.  T   0.005 4096 0. 0. 3.7431958E-25
 8. 45.  Z   0.005 4096 0. 0. 2.3039103E-14
 8. 45.  R   0.005 4096 0. 0. 2.5242107E-19
 8. 45.  T   0.005 4096 0. 0. 8.892763E-25
 10. 45.  Z   0.005 4096 0. 0. 2.3037526E-14
 10. 45.  R   0.005 4096 0. 0. 3.1550773E-19
 10. 45.  T   0.005 4096 0. 0. 1.7389281E-24
 12. 45.  Z   0.005 4096 0. 0. 2.3035805E-14
 12. 45.  R   0.005 4096 0. 0. 3.7858532E-19
 12. 45.  T   0.005 4096 0. 0. 3.0068617E-24
 14. 45.  Z   0.005 4096 0. 0. 2.3033933E-14
 14. 45.  R   0.005 4096 0. 0. 4.4165287E-19
 14. 45.  T   0.005 4096 0. 0. 4.776653E-24
 16. 45.  Z   0.005 4096 0. 0. 2.3031913E-14
 16. 45.  R   0.005 4096 0. 0. 5.047097E-19
 16. 45.  T   0.005 4096 0. 0. 7.131856E-24
 18. 45.  Z   0.005 4096 0. 0. 2.3029742E-14
 18. 45.  R   0.005 4096 0. 0. 5.677549E-19
 18. 45.  T   0.005 4096 0. 0. 1.0155999E-23
 20. 45.  Z   0.005 4096 0. 0. 2.3027424E-14
 20. 45.  R   0.005 4096 0. 0. 6.3078757E-19
 20. 45.  T   0.005 4096 0. 0. 1.3932577E-23


 ** INTEGRATION COMPLETED **

